<?xml version="1.0" encoding="UTF-8"?>
<!-- Generated by org.testng.reporters.JUnitXMLReporter -->
<testsuite hostname="JananeVijay" ignored="4" name="Test" tests="4" failures="0" timestamp="21 Apr 2023 21:01:44 GMT" time="0.05" errors="0">
  <testcase name="test3" time="0.0" classname="testcases.CarLoanTest"/>
  <testcase name="test1" time="0.0" classname="testcases.HomeLoanTest"/>
  <testcase name="test2" time="0.0" classname="testcases.HomeLoanTest"/>
  <testcase name="tes4" time="0.0" classname="testcases.CreditCardTest"/>
  <testcase name="@BeforeTest method3" time="0.0" classname="testcases.BaseClass">
    <ignored/>
  </testcase> <!-- @BeforeTest method3 -->
  <testcase name="@BeforeTest method3" time="0.0" classname="testcases.BaseClass">
    <ignored/>
  </testcase> <!-- @BeforeTest method3 -->
  <testcase name="@AfterTest method4" time="0.0" classname="testcases.BaseClass">
    <ignored/>
  </testcase> <!-- @AfterTest method4 -->
  <testcase name="@AfterTest method4" time="0.0" classname="testcases.BaseClass">
    <ignored/>
  </testcase> <!-- @AfterTest method4 -->
</testsuite> <!-- Test -->
