<?xml version="1.0" encoding="UTF-8"?>
<testng-results skipped="0" failed="0" ignored="4" total="8" passed="4">
  <reporter-output>
  </reporter-output>
  <suite name="Regression" duration-ms="50" started-at="2023-04-21T21:01:44Z" finished-at="2023-04-21T21:01:44Z">
    <groups>
      <group name="Regression">
        <method signature="HomeLoanTest.test1()[pri:0, instance:testcases.HomeLoanTest@4148db48]" name="test1" class="testcases.HomeLoanTest"/>
      </group> <!-- Regression -->
      <group name="sanity">
        <method signature="CreditCardTest.tes4()[pri:0, instance:testcases.CreditCardTest@282003e1]" name="tes4" class="testcases.CreditCardTest"/>
        <method signature="HomeLoanTest.test1()[pri:0, instance:testcases.HomeLoanTest@4148db48]" name="test1" class="testcases.HomeLoanTest"/>
      </group> <!-- sanity -->
    </groups>
    <test name="Test" duration-ms="50" started-at="2023-04-21T21:01:44Z" finished-at="2023-04-21T21:01:44Z">
      <class name="testcases.CarLoanTest">
        <test-method status="PASS" signature="method3()[pri:0, instance:testcases.CarLoanTest@701fc37a]" name="method3" is-config="true" duration-ms="14" started-at="2023-04-21T21:01:44Z" finished-at="2023-04-21T21:01:44Z">
          <reporter-output>
          </reporter-output>
        </test-method> <!-- method3 -->
        <test-method status="PASS" signature="method1()[pri:0, instance:testcases.CarLoanTest@701fc37a]" name="method1" is-config="true" duration-ms="1" started-at="2023-04-21T21:01:44Z" finished-at="2023-04-21T21:01:44Z">
          <reporter-output>
          </reporter-output>
        </test-method> <!-- method1 -->
        <test-method status="PASS" signature="test3()[pri:0, instance:testcases.CarLoanTest@701fc37a]" name="test3" duration-ms="0" started-at="2023-04-21T21:01:44Z" finished-at="2023-04-21T21:01:44Z">
          <reporter-output>
          </reporter-output>
        </test-method> <!-- test3 -->
        <test-method status="PASS" signature="method2()[pri:0, instance:testcases.CarLoanTest@701fc37a]" name="method2" is-config="true" duration-ms="1" started-at="2023-04-21T21:01:44Z" finished-at="2023-04-21T21:01:44Z">
          <reporter-output>
          </reporter-output>
        </test-method> <!-- method2 -->
        <test-method status="PASS" signature="method4()[pri:0, instance:testcases.CarLoanTest@701fc37a]" name="method4" is-config="true" duration-ms="0" started-at="2023-04-21T21:01:44Z" finished-at="2023-04-21T21:01:44Z">
          <reporter-output>
          </reporter-output>
        </test-method> <!-- method4 -->
      </class> <!-- testcases.CarLoanTest -->
      <class name="testcases.CreditCardTest">
        <test-method status="PASS" signature="tes4()[pri:0, instance:testcases.CreditCardTest@282003e1]" name="tes4" duration-ms="0" started-at="2023-04-21T21:01:44Z" finished-at="2023-04-21T21:01:44Z">
          <reporter-output>
          </reporter-output>
        </test-method> <!-- tes4 -->
        <test-method status="PASS" signature="method1()[pri:0, instance:testcases.CreditCardTest@282003e1]" name="method1" is-config="true" duration-ms="0" started-at="2023-04-21T21:01:44Z" finished-at="2023-04-21T21:01:44Z">
          <reporter-output>
          </reporter-output>
        </test-method> <!-- method1 -->
        <test-method status="PASS" signature="method2()[pri:0, instance:testcases.CreditCardTest@282003e1]" name="method2" is-config="true" duration-ms="0" started-at="2023-04-21T21:01:44Z" finished-at="2023-04-21T21:01:44Z">
          <reporter-output>
          </reporter-output>
        </test-method> <!-- method2 -->
      </class> <!-- testcases.CreditCardTest -->
      <class name="testcases.HomeLoanTest">
        <test-method status="PASS" signature="method1()[pri:0, instance:testcases.HomeLoanTest@4148db48]" name="method1" is-config="true" duration-ms="0" started-at="2023-04-21T21:01:44Z" finished-at="2023-04-21T21:01:44Z">
          <reporter-output>
          </reporter-output>
        </test-method> <!-- method1 -->
        <test-method status="PASS" signature="test1()[pri:0, instance:testcases.HomeLoanTest@4148db48]" name="test1" duration-ms="0" started-at="2023-04-21T21:01:44Z" finished-at="2023-04-21T21:01:44Z">
          <reporter-output>
          </reporter-output>
        </test-method> <!-- test1 -->
        <test-method status="PASS" signature="method1()[pri:0, instance:testcases.HomeLoanTest@4148db48]" name="method1" is-config="true" duration-ms="1" started-at="2023-04-21T21:01:44Z" finished-at="2023-04-21T21:01:44Z">
          <reporter-output>
          </reporter-output>
        </test-method> <!-- method1 -->
        <test-method status="PASS" signature="method2()[pri:0, instance:testcases.HomeLoanTest@4148db48]" name="method2" is-config="true" duration-ms="0" started-at="2023-04-21T21:01:44Z" finished-at="2023-04-21T21:01:44Z">
          <reporter-output>
          </reporter-output>
        </test-method> <!-- method2 -->
        <test-method status="PASS" signature="test2()[pri:0, instance:testcases.HomeLoanTest@4148db48]" name="test2" duration-ms="0" started-at="2023-04-21T21:01:44Z" finished-at="2023-04-21T21:01:44Z">
          <reporter-output>
          </reporter-output>
        </test-method> <!-- test2 -->
        <test-method status="PASS" signature="method2()[pri:0, instance:testcases.HomeLoanTest@4148db48]" name="method2" is-config="true" duration-ms="0" started-at="2023-04-21T21:01:44Z" finished-at="2023-04-21T21:01:44Z">
          <reporter-output>
          </reporter-output>
        </test-method> <!-- method2 -->
      </class> <!-- testcases.HomeLoanTest -->
    </test> <!-- Test -->
  </suite> <!-- Regression -->
</testng-results>
