<?xml version="1.0" encoding="UTF-8"?>
<!-- Generated by org.testng.reporters.JUnitXMLReporter -->
<testsuite ignored="2" hostname="JananeVijay" failures="0" tests="2" name="Test" time="0.03" errors="0" timestamp="21 Apr 2023 20:56:25 GMT">
  <testcase classname="testcases.HomeLoanTest" name="test1" time="0.008"/>
  <testcase classname="testcases.CreditCardTest" name="tes4" time="0.001"/>
  <testcase classname="testcases.CarLoanTest" name="test3" time="0.0">
    <ignored/>
  </testcase> <!-- test3 -->
  <testcase classname="testcases.HomeLoanTest" name="test2" time="0.0">
    <ignored/>
  </testcase> <!-- test2 -->
</testsuite> <!-- Test -->
